#
# There is insufficient memory for the Java Runtime Environment to continue.
# Native memory allocation (malloc) failed to allocate 1048576 bytes for AllocateHeap
# Possible reasons:
#   The system is out of physical RAM or swap space
#   In 32 bit mode, the process size limit was hit
# Possible solutions:
#   Reduce memory load on the system
#   Increase physical memory or swap space
#   Check if swap backing store is full
#   Use 64 bit Java on a 64 bit OS
#   Decrease Java heap size (-Xmx/-Xms)
#   Decrease number of Java threads
#   Decrease Java thread stack sizes (-Xss)
#   Set larger code cache with -XX:ReservedCodeCacheSize=
# This output file may be truncated or incomplete.
#
#  Out of Memory Error (memory/allocation.inline.hpp:61), pid=13040, tid=0x0000000000006408
#
# JRE version:  (8.0_111-b14) (build )
# Java VM: Java HotSpot(TM) 64-Bit Server VM (25.111-b14 mixed mode windows-amd64 compressed oops)
# Failed to write core dump. Minidumps are not enabled by default on client versions of Windows
#

---------------  T H R E A D  ---------------

Current thread (0x0000000002940800):  JavaThread "Unknown thread" [_thread_in_vm, id=25608, stack(0x0000000002840000,0x0000000002940000)]

Stack: [0x0000000002840000,0x0000000002940000]
[error occurred during error reporting (printing stack bounds), id 0xc0000005]

Native frames: (J=compiled Java code, j=interpreted, Vv=VM code, C=native code)


---------------  P R O C E S S  ---------------

Java Threads: ( => current thread )

Other Threads:

=>0x0000000002940800 (exited) JavaThread "Unknown thread" [_thread_in_vm, id=25608, stack(0x0000000002840000,0x0000000002940000)]

VM state:not at safepoint (normal execution)

VM Mutex/Monitor currently owned by a thread: None

Heap:
 PSYoungGen      total 76288K, used 1310K [0x000000076b400000, 0x0000000770900000, 0x00000007c0000000)
  eden space 65536K, 2% used [0x000000076b400000,0x000000076b547af0,0x000000076f400000)
  from space 10752K, 0% used [0x000000076fe80000,0x000000076fe80000,0x0000000770900000)
  to   space 10752K, 0% used [0x000000076f400000,0x000000076f400000,0x000000076fe80000)
 ParOldGen       total 175104K, used 0K [0x00000006c1c00000, 0x00000006cc700000, 0x000000076b400000)
  object space 175104K, 0% used [0x00000006c1c00000,0x00000006c1c00000,0x00000006cc700000)
 Metaspace       used 770K, capacity 4480K, committed 4480K, reserved 1056768K
  class space    used 75K, capacity 384K, committed 384K, reserved 1048576K

Card table byte_map: [0x0000000011e00000,0x0000000012600000] byte_map_base: 0x000000000e7f2000

Marking Bits: (ParMarkBitMap*) 0x000000005640a6c0
 Begin Bits: [0x0000000013350000, 0x00000000172e0000)
 End Bits:   [0x00000000172e0000, 0x000000001b270000)

Polling page: 0x0000000000e20000

CodeCache: size=245760Kb used=328Kb max_used=328Kb free=245431Kb
 bounds [0x0000000002a40000, 0x0000000002cb0000, 0x0000000011a40000]
 total_blobs=58 nmethods=0 adapters=38
 compilation: enabled

Compilation events (0 events):
No events

GC Heap History (0 events):
No events

Deoptimization events (0 events):
No events

Internal exceptions (0 events):
No events

Events (10 events):
Event: 0.017 loading class java/lang/Short
Event: 0.017 loading class java/lang/Short done
Event: 0.017 loading class java/lang/Integer
Event: 0.017 loading class java/lang/Integer done
Event: 0.017 loading class java/lang/Long
Event: 0.017 loading class java/lang/Long done
Event: 0.018 loading class java/lang/NullPointerException
Event: 0.018 loading class java/lang/NullPointerException done
Event: 0.018 loading class java/lang/ArithmeticException
Event: 0.018 loading class java/lang/ArithmeticException done


Dynamic libraries:
0x00007ff673d40000 - 0x00007ff673d77000 	C:\Program Files\Java\jdk1.8.0_111\bin\java.exe
0x00007ffc4a380000 - 0x00007ffc4a570000 	C:\windows\SYSTEM32\ntdll.dll
0x00007ffc26860000 - 0x00007ffc26872000 	C:\Program Files\Avast Software\Avast\aswhook.dll
0x00007ffc48b50000 - 0x00007ffc48c02000 	C:\windows\System32\KERNEL32.DLL
0x00007ffc47570000 - 0x00007ffc47815000 	C:\windows\System32\KERNELBASE.dll
0x00007ffc49f00000 - 0x00007ffc49fa3000 	C:\windows\System32\ADVAPI32.dll
0x00007ffc49020000 - 0x00007ffc490be000 	C:\windows\System32\msvcrt.dll
0x00007ffc4a2a0000 - 0x00007ffc4a337000 	C:\windows\System32\sechost.dll
0x00007ffc484c0000 - 0x00007ffc485e0000 	C:\windows\System32\RPCRT4.dll
0x00007ffc490c0000 - 0x00007ffc49254000 	C:\windows\System32\USER32.dll
0x00007ffc47350000 - 0x00007ffc47371000 	C:\windows\System32\win32u.dll
0x00007ffc486b0000 - 0x00007ffc486d6000 	C:\windows\System32\GDI32.dll
0x00007ffc47900000 - 0x00007ffc47a96000 	C:\windows\System32\gdi32full.dll
0x00007ffc47480000 - 0x00007ffc4751e000 	C:\windows\System32\msvcp_win.dll
0x00007ffc47380000 - 0x00007ffc4747a000 	C:\windows\System32\ucrtbase.dll
0x00007ffc29860000 - 0x00007ffc29ae4000 	C:\windows\WinSxS\amd64_microsoft.windows.common-controls_6595b64144ccf1df_6.0.18362.1256_none_9e7e379be45e40e2\COMCTL32.dll
0x00007ffc48c10000 - 0x00007ffc48f46000 	C:\windows\System32\combase.dll
0x00007ffc47870000 - 0x00007ffc478f1000 	C:\windows\System32\bcryptPrimitives.dll
0x00007ffc49440000 - 0x00007ffc4946e000 	C:\windows\System32\IMM32.DLL
0x0000000055b10000 - 0x0000000055be2000 	C:\Program Files\Java\jdk1.8.0_111\jre\bin\msvcr100.dll
0x0000000055bf0000 - 0x000000005648a000 	C:\Program Files\Java\jdk1.8.0_111\jre\bin\server\jvm.dll
0x00007ffc48430000 - 0x00007ffc48438000 	C:\windows\System32\PSAPI.DLL
0x00007ffc31f40000 - 0x00007ffc31f49000 	C:\windows\SYSTEM32\WSOCK32.dll
0x00007ffc494d0000 - 0x00007ffc4953f000 	C:\windows\System32\WS2_32.dll
0x00007ffc44ac0000 - 0x00007ffc44ae4000 	C:\windows\SYSTEM32\WINMM.dll
0x00007ffc419d0000 - 0x00007ffc419da000 	C:\windows\SYSTEM32\VERSION.dll
0x00007ffc449b0000 - 0x00007ffc449dd000 	C:\windows\SYSTEM32\WINMMBASE.dll
0x00007ffc47520000 - 0x00007ffc4756a000 	C:\windows\System32\cfgmgr32.dll
0x0000000055ac0000 - 0x0000000055acf000 	C:\Program Files\Java\jdk1.8.0_111\jre\bin\verify.dll
0x0000000055a90000 - 0x0000000055ab9000 	C:\Program Files\Java\jdk1.8.0_111\jre\bin\java.dll
0x0000000055a70000 - 0x0000000055a86000 	C:\Program Files\Java\jdk1.8.0_111\jre\bin\zip.dll

VM Arguments:
jvm_args: -Dfile.encoding=UTF-8 
java_command: GymMangement
java_class_path (initial): C:\Program Files\NetBeans 8.2\java\modules\ext\AbsoluteLayout.jar;C:\Users\yasmi\OneDrive\Documents\NetBeansProjects\gym mangement sys\gym mangement sys\Gym mangement\build\classes
Launcher Type: SUN_STANDARD

Environment Variables:
PATH=D:\app\yasmi\product\11.2.0\dbhome_1\bin;C:\ProgramData\Oracle\Java\javapath;C:\windows\system32;C:\windows;C:\windows\System32\Wbem;C:\windows\System32\WindowsPowerShell\v1.0\;C:\windows\System32\OpenSSH\;C:\Program Files (x86)\NVIDIA Corporation\PhysX\Common;C:\Program Files\NVIDIA Corporation\NVIDIA NvDLISR;C:\Program Files (x86)\Brackets\command;C:\Program Files\dotnet\;C:\Program Files\Microsoft SQL Server\130\Tools\Binn\;C:\Program Files\Microsoft SQL Server\Client SDK\ODBC\170\Tools\Binn\;C:\Users\yasmi\AppData\Local\Microsoft\WindowsApps;
USERNAME=yasmi
OS=Windows_NT
PROCESSOR_IDENTIFIER=Intel64 Family 6 Model 142 Stepping 12, GenuineIntel



---------------  S Y S T E M  ---------------

OS: Windows 10.0 , 64 bit Build 18362 (10.0.18362.1110)

CPU:total 8 (4 cores per cpu, 2 threads per core) family 6 model 142 stepping 12, cmov, cx8, fxsr, mmx, sse, sse2, sse3, ssse3, sse4.1, sse4.2, popcnt, avx, avx2, aes, clmul, erms, 3dnowpref, lzcnt, ht, tsc, tscinvbit, bmi1, bmi2, adx

Memory: 4k page, physical 16660788k(5207348k free), swap 32192176k(5468k free)

vm_info: Java HotSpot(TM) 64-Bit Server VM (25.111-b14) for windows-amd64 JRE (1.8.0_111-b14), built on Sep 22 2016 19:24:05 by "java_re" with MS VC++ 10.0 (VS2010)

time: Wed Dec 23 20:57:08 2020
elapsed time: 0 seconds (0d 0h 0m 0s)

